{"configPath":"/home/agnij/.apm/config.json","level":"debug","message":"Configuration loaded","timestamp":"2025-07-05 17:15:54:1554"}
{"configPath":"/home/agnij/.apm/config.json","level":"debug","message":"Configuration service initialized","network":"devnet","timestamp":"2025-07-05 17:15:54:1554"}
{"contractAddress":"0xba495e6bb22cdbdf25d0be1dd900eb508e3132598d87b3d98ae705cae36aba34","level":"info","message":"Blockchain service initialized","network":"devnet","timestamp":"2025-07-05 17:15:54:1554"}
{"level":"info","message":"Using Pinata SDK with JWT for authentication","timestamp":"2025-07-05 17:15:54:1554"}
{"gatewayUrl":"aquamarine-defiant-woodpecker-351.mypinata.cloud","level":"info","message":"IPFS service initialized","timestamp":"2025-07-05 17:15:54:1554"}
{"contractAddress":"0xba495e6bb22cdbdf25d0be1dd900eb508e3132598d87b3d98ae705cae36aba34","level":"info","message":"Blockchain service initialized","network":"devnet","timestamp":"2025-07-05 17:15:54:1554"}
{"level":"info","message":"Using Pinata SDK with JWT for authentication","timestamp":"2025-07-05 17:15:54:1554"}
{"gatewayUrl":"aquamarine-defiant-woodpecker-351.mypinata.cloud","level":"info","message":"IPFS service initialized","timestamp":"2025-07-05 17:15:54:1554"}
{"contractAddress":"0xba495e6bb22cdbdf25d0be1dd900eb508e3132598d87b3d98ae705cae36aba34","level":"info","message":"Blockchain service initialized","network":"devnet","timestamp":"2025-07-05 17:15:54:1554"}
{"contractAddress":"0xba495e6bb22cdbdf25d0be1dd900eb508e3132598d87b3d98ae705cae36aba34","level":"info","message":"Blockchain service initialized","network":"devnet","timestamp":"2025-07-05 17:15:54:1554"}
{"contractAddress":"0xba495e6bb22cdbdf25d0be1dd900eb508e3132598d87b3d98ae705cae36aba34","level":"info","message":"Blockchain service initialized","network":"devnet","timestamp":"2025-07-05 17:15:54:1554"}
{"level":"info","message":"Initializing APM registry","timestamp":"2025-07-05 17:15:54:1554"}
{"contractAddress":"0xba495e6bb22cdbdf25d0be1dd900eb508e3132598d87b3d98ae705cae36aba34","level":"info","message":"Blockchain service initialized","network":"devnet","timestamp":"2025-07-05 17:15:54:1554"}
{"error":{"transaction":{"accumulator_root_hash":"0x84ea1513e2958b08defeab3e2ac6f50eac2becaadb818634f70d4815e5c20345","changes":[{"address":"0xa","data":{"data":{"type":{"account_address":"0x1","module_name":"0x6170746f735f636f696e","struct_name":"0x4170746f73436f696e"}},"type":"0x1::coin::PairedCoinType"},"state_key_hash":"0x1db5441d8fa4229c5844f73fd66da4ad8176cb8793d8b3a7f6ca858722030043","type":"write_resource"},{"address":"0xa","data":{"data":{"burn_ref_opt":{"vec":[]},"mint_ref_opt":{"vec":[{"metadata":{"inner":"0xa"}}]},"transfer_ref_opt":{"vec":[{"metadata":{"inner":"0xa"}}]}},"type":"0x1::coin::PairedFungibleAssetRefs"},"state_key_hash":"0x1db5441d8fa4229c5844f73fd66da4ad8176cb8793d8b3a7f6ca858722030043","type":"write_resource"},{"address":"0xa","data":{"data":{"current":{"max_value":"340282366920938463463374607431768211455","value":"18446743147263931168"}},"type":"0x1::fungible_asset::ConcurrentSupply"},"state_key_hash":"0x1db5441d8fa4229c5844f73fd66da4ad8176cb8793d8b3a7f6ca858722030043","type":"write_resource"},{"address":"0xa","data":{"data":{"decimals":8,"icon_uri":"","name":"Aptos Coin","project_uri":"","symbol":"APT"},"type":"0x1::fungible_asset::Metadata"},"state_key_hash":"0x1db5441d8fa4229c5844f73fd66da4ad8176cb8793d8b3a7f6ca858722030043","type":"write_resource"},{"address":"0xa","data":{"data":{"allow_ungated_transfer":true,"guid_creation_num":"1125899906842625","owner":"0x1","transfer_events":{"counter":"0","guid":{"id":{"addr":"0xa","creation_num":"1125899906842624"}}}},"type":"0x1::object::ObjectCore"},"state_key_hash":"0x1db5441d8fa4229c5844f73fd66da4ad8176cb8793d8b3a7f6ca858722030043","type":"write_resource"},{"address":"0xa","data":{"data":{"metadata_derive_ref":{"self":"0xa"}},"type":"0x1::primary_fungible_store::DeriveRefPod"},"state_key_hash":"0x1db5441d8fa4229c5844f73fd66da4ad8176cb8793d8b3a7f6ca858722030043","type":"write_resource"},{"address":"0x5db09279a52a02e2db087f81942acc4c078964f85955d6cba6dbfbb3cfe2c04d","data":{"data":{"authentication_key":"0x5db09279a52a02e2db087f81942acc4c078964f85955d6cba6dbfbb3cfe2c04d","coin_register_events":{"counter":"0","guid":{"id":{"addr":"0x5db09279a52a02e2db087f81942acc4c078964f85955d6cba6dbfbb3cfe2c04d","creation_num":"0"}}},"guid_creation_num":"6","key_rotation_events":{"counter":"0","guid":{"id":{"addr":"0x5db09279a52a02e2db087f81942acc4c078964f85955d6cba6dbfbb3cfe2c04d","creation_num":"1"}}},"rotation_capability_offer":{"for":{"vec":[]}},"sequence_number":"34","signer_capability_offer":{"for":{"vec":[]}}},"type":"0x1::account::Account"},"state_key_hash":"0xce9a8ced1d4e3942cbbae95d3814c88a4a53f2ffed2d42763ad3ed1b73662442","type":"write_resource"},{"address":"0xc79bd805c9364175be6584d5506fc5837907e941421d6393d7d7efba823cd9e4","data":{"data":{"balance":"99717900","frozen":false,"metadata":{"inner":"0xa"}},"type":"0x1::fungible_asset::FungibleStore"},"state_key_hash":"0x9bbdfa1b843a299a9dc8249e7839224423ca9054ad28b52c298672341b99c1e3","type":"write_resource"},{"address":"0xc79bd805c9364175be6584d5506fc5837907e941421d6393d7d7efba823cd9e4","data":{"data":{"allow_ungated_transfer":false,"guid_creation_num":"1125899906842625","owner":"0x5db09279a52a02e2db087f81942acc4c078964f85955d6cba6dbfbb3cfe2c04d","transfer_events":{"counter":"0","guid":{"id":{"addr":"0xc79bd805c9364175be6584d5506fc5837907e941421d6393d7d7efba823cd9e4","creation_num":"1125899906842624"}}}},"type":"0x1::object::ObjectCore"},"state_key_hash":"0x9bbdfa1b843a299a9dc8249e7839224423ca9054ad28b52c298672341b99c1e3","type":"write_resource"}],"event_root_hash":"0x10f28e28e96702090f1df1deea36cf66f1f8bef7f6dfcf593eec172ddb3e4f55","events":[{"data":{"execution_gas_units":"4","io_gas_units":"3","storage_fee_octas":"0","storage_fee_refund_octas":"0","total_charge_gas_units":"6"},"guid":{"account_address":"0x0","creation_number":"0"},"sequence_number":"0","type":"0x1::transaction_fee::FeeStatement"}],"expiration_timestamp_secs":"1751715975","gas_unit_price":"100","gas_used":"6","hash":"0x37980b16faa90978bbe31cc653f52255b030588dba6fe1c5519c6c6182a9fe7c","max_gas_amount":"200000","payload":{"arguments":[],"function":"0xba495e6bb22cdbdf25d0be1dd900eb508e3132598d87b3d98ae705cae36aba34::registry::initialize_registry","type":"entry_function_payload","type_arguments":[]},"replay_protection_nonce":null,"sender":"0x5db09279a52a02e2db087f81942acc4c078964f85955d6cba6dbfbb3cfe2c04d","sequence_number":"33","signature":{"public_key":"0xf403db5b049be8c982d3b69c7b31f5327e8f76e873f69885e96a1dd7c6ade48e","signature":"0x85a63ba38e739289ab4a9b1b22fca1d1f37b3032724f14a123efcb3a9833eb372cc94354766d46938d6433377be065f6ae3697db57e39e46fb855df1863df80f","type":"ed25519_signature"},"state_change_hash":"0x604aebf6b26a4117394b2d743bddaaebbcf1e1771996336b76c5307d4cdf2a6f","state_checkpoint_hash":null,"success":false,"timestamp":"1751715956193984","type":"user_transaction","version":"172660170","vm_status":"Move abort in 0x1::account: ERESOURCE_ACCCOUNT_EXISTS(0x8000f): An attempt to create a resource account on a claimed account"}},"level":"error","message":"Failed to initialize registry","timestamp":"2025-07-05 17:15:56:1556"}
{"configPath":"/home/agnij/.apm/config.json","level":"debug","message":"Configuration loaded","timestamp":"2025-07-05 17:17:53:1753"}
{"configPath":"/home/agnij/.apm/config.json","level":"debug","message":"Configuration service initialized","network":"devnet","timestamp":"2025-07-05 17:17:53:1753"}
{"contractAddress":"0xba495e6bb22cdbdf25d0be1dd900eb508e3132598d87b3d98ae705cae36aba34","level":"info","message":"Blockchain service initialized","network":"devnet","timestamp":"2025-07-05 17:17:53:1753"}
{"level":"info","message":"Using Pinata SDK with JWT for authentication","timestamp":"2025-07-05 17:17:53:1753"}
{"gatewayUrl":"aquamarine-defiant-woodpecker-351.mypinata.cloud","level":"info","message":"IPFS service initialized","timestamp":"2025-07-05 17:17:53:1753"}
{"contractAddress":"0xba495e6bb22cdbdf25d0be1dd900eb508e3132598d87b3d98ae705cae36aba34","level":"info","message":"Blockchain service initialized","network":"devnet","timestamp":"2025-07-05 17:17:53:1753"}
{"level":"info","message":"Using Pinata SDK with JWT for authentication","timestamp":"2025-07-05 17:17:53:1753"}
{"gatewayUrl":"aquamarine-defiant-woodpecker-351.mypinata.cloud","level":"info","message":"IPFS service initialized","timestamp":"2025-07-05 17:17:53:1753"}
{"contractAddress":"0xba495e6bb22cdbdf25d0be1dd900eb508e3132598d87b3d98ae705cae36aba34","level":"info","message":"Blockchain service initialized","network":"devnet","timestamp":"2025-07-05 17:17:53:1753"}
{"contractAddress":"0xba495e6bb22cdbdf25d0be1dd900eb508e3132598d87b3d98ae705cae36aba34","level":"info","message":"Blockchain service initialized","network":"devnet","timestamp":"2025-07-05 17:17:53:1753"}
{"contractAddress":"0xba495e6bb22cdbdf25d0be1dd900eb508e3132598d87b3d98ae705cae36aba34","level":"info","message":"Blockchain service initialized","network":"devnet","timestamp":"2025-07-05 17:17:53:1753"}
{"level":"info","message":"Initializing APM registry","timestamp":"2025-07-05 17:17:53:1753"}
{"error":{},"level":"error","message":"Failed to initialize registry","timestamp":"2025-07-05 17:17:53:1753"}
{"configPath":"/home/agnij/.apm/config.json","level":"debug","message":"Configuration loaded","timestamp":"2025-07-05 17:18:53:1853"}
{"configPath":"/home/agnij/.apm/config.json","level":"debug","message":"Configuration loaded","timestamp":"2025-07-05 17:19:07:197"}
{"configPath":"/home/agnij/.apm/config.json","level":"debug","message":"Configuration loaded","timestamp":"2025-07-05 17:19:21:1921"}
{"configPath":"/home/agnij/.apm/config.json","level":"debug","message":"Configuration loaded","timestamp":"2025-07-05 17:21:10:2110"}
{"configPath":"/home/agnij/.apm/config.json","level":"debug","message":"Configuration loaded","timestamp":"2025-07-05 17:21:45:2145"}
{"configPath":"/home/agnij/.apm/config.json","level":"debug","message":"Configuration service initialized","network":"devnet","timestamp":"2025-07-05 17:21:45:2145"}
{"contractAddress":"0xba495e6bb22cdbdf25d0be1dd900eb508e3132598d87b3d98ae705cae36aba34","level":"info","message":"Blockchain service initialized","network":"devnet","timestamp":"2025-07-05 17:21:45:2145"}
{"level":"info","message":"Using Pinata SDK with JWT for authentication","timestamp":"2025-07-05 17:21:45:2145"}
{"gatewayUrl":"aquamarine-defiant-woodpecker-351.mypinata.cloud","level":"info","message":"IPFS service initialized","timestamp":"2025-07-05 17:21:45:2145"}
{"contractAddress":"0xba495e6bb22cdbdf25d0be1dd900eb508e3132598d87b3d98ae705cae36aba34","level":"info","message":"Blockchain service initialized","network":"devnet","timestamp":"2025-07-05 17:21:45:2145"}
{"level":"info","message":"Using Pinata SDK with JWT for authentication","timestamp":"2025-07-05 17:21:45:2145"}
{"gatewayUrl":"aquamarine-defiant-woodpecker-351.mypinata.cloud","level":"info","message":"IPFS service initialized","timestamp":"2025-07-05 17:21:45:2145"}
{"contractAddress":"0xba495e6bb22cdbdf25d0be1dd900eb508e3132598d87b3d98ae705cae36aba34","level":"info","message":"Blockchain service initialized","network":"devnet","timestamp":"2025-07-05 17:21:45:2145"}
{"contractAddress":"0xba495e6bb22cdbdf25d0be1dd900eb508e3132598d87b3d98ae705cae36aba34","level":"info","message":"Blockchain service initialized","network":"devnet","timestamp":"2025-07-05 17:21:45:2145"}
{"contractAddress":"0xba495e6bb22cdbdf25d0be1dd900eb508e3132598d87b3d98ae705cae36aba34","level":"info","message":"Blockchain service initialized","network":"devnet","timestamp":"2025-07-05 17:21:45:2145"}
{"configPath":"/home/agnij/.apm/config.json","level":"debug","message":"Configuration saved","timestamp":"2025-07-05 17:21:45:2145"}
{"address":"0xba495e6bb22cdbdf25d0be1dd900eb508e3132598d87b3d98ae705cae36aba34","isDefault":false,"level":"info","message":"Wallet added","name":"registry_owner","timestamp":"2025-07-05 17:21:45:2145"}
{"address":"0xba495e6bb22cdbdf25d0be1dd900eb508e3132598d87b3d98ae705cae36aba34","level":"info","message":"Wallet imported successfully","name":"registry_owner","timestamp":"2025-07-05 17:21:45:2145"}
{"configPath":"/home/agnij/.apm/config.json","level":"debug","message":"Configuration loaded","timestamp":"2025-07-05 17:21:59:2159"}
{"configPath":"/home/agnij/.apm/config.json","level":"debug","message":"Configuration service initialized","network":"devnet","timestamp":"2025-07-05 17:21:59:2159"}
{"contractAddress":"0xba495e6bb22cdbdf25d0be1dd900eb508e3132598d87b3d98ae705cae36aba34","level":"info","message":"Blockchain service initialized","network":"devnet","timestamp":"2025-07-05 17:21:59:2159"}
{"level":"info","message":"Using Pinata SDK with JWT for authentication","timestamp":"2025-07-05 17:21:59:2159"}
{"gatewayUrl":"aquamarine-defiant-woodpecker-351.mypinata.cloud","level":"info","message":"IPFS service initialized","timestamp":"2025-07-05 17:21:59:2159"}
{"contractAddress":"0xba495e6bb22cdbdf25d0be1dd900eb508e3132598d87b3d98ae705cae36aba34","level":"info","message":"Blockchain service initialized","network":"devnet","timestamp":"2025-07-05 17:21:59:2159"}
{"level":"info","message":"Using Pinata SDK with JWT for authentication","timestamp":"2025-07-05 17:21:59:2159"}
{"gatewayUrl":"aquamarine-defiant-woodpecker-351.mypinata.cloud","level":"info","message":"IPFS service initialized","timestamp":"2025-07-05 17:21:59:2159"}
{"contractAddress":"0xba495e6bb22cdbdf25d0be1dd900eb508e3132598d87b3d98ae705cae36aba34","level":"info","message":"Blockchain service initialized","network":"devnet","timestamp":"2025-07-05 17:21:59:2159"}
{"contractAddress":"0xba495e6bb22cdbdf25d0be1dd900eb508e3132598d87b3d98ae705cae36aba34","level":"info","message":"Blockchain service initialized","network":"devnet","timestamp":"2025-07-05 17:21:59:2159"}
{"contractAddress":"0xba495e6bb22cdbdf25d0be1dd900eb508e3132598d87b3d98ae705cae36aba34","level":"info","message":"Blockchain service initialized","network":"devnet","timestamp":"2025-07-05 17:21:59:2159"}
{"level":"info","message":"Initializing APM registry","timestamp":"2025-07-05 17:21:59:2159"}
{"contractAddress":"0xba495e6bb22cdbdf25d0be1dd900eb508e3132598d87b3d98ae705cae36aba34","level":"info","message":"Blockchain service initialized","network":"devnet","timestamp":"2025-07-05 17:21:59:2159"}
