{"configPath":"/home/agnij/.apm/config.json","level":"debug","message":"Configuration loaded","timestamp":"2025-07-05 23:30:27:3027"}
{"configPath":"/home/agnij/.apm/config.json","level":"debug","message":"Configuration service initialized","network":"devnet","timestamp":"2025-07-05 23:30:27:3027"}
{"contractAddress":"0xba495e6bb22cdbdf25d0be1dd900eb508e3132598d87b3d98ae705cae36aba34","level":"info","message":"Blockchain service initialized","network":"devnet","timestamp":"2025-07-05 23:30:27:3027"}
{"level":"info","message":"Using Pinata SDK with JWT for authentication","timestamp":"2025-07-05 23:30:27:3027"}
{"gatewayUrl":"aquamarine-defiant-woodpecker-351.mypinata.cloud","level":"info","message":"IPFS service initialized","timestamp":"2025-07-05 23:30:27:3027"}
{"contractAddress":"0xba495e6bb22cdbdf25d0be1dd900eb508e3132598d87b3d98ae705cae36aba34","level":"info","message":"Blockchain service initialized","network":"devnet","timestamp":"2025-07-05 23:30:27:3027"}
{"level":"info","message":"Using Pinata SDK with JWT for authentication","timestamp":"2025-07-05 23:30:27:3027"}
{"gatewayUrl":"aquamarine-defiant-woodpecker-351.mypinata.cloud","level":"info","message":"IPFS service initialized","timestamp":"2025-07-05 23:30:27:3027"}
{"contractAddress":"0xba495e6bb22cdbdf25d0be1dd900eb508e3132598d87b3d98ae705cae36aba34","level":"info","message":"Blockchain service initialized","network":"devnet","timestamp":"2025-07-05 23:30:27:3027"}
{"contractAddress":"0xba495e6bb22cdbdf25d0be1dd900eb508e3132598d87b3d98ae705cae36aba34","level":"info","message":"Blockchain service initialized","network":"devnet","timestamp":"2025-07-05 23:30:27:3027"}
{"contractAddress":"0xba495e6bb22cdbdf25d0be1dd900eb508e3132598d87b3d98ae705cae36aba34","level":"info","message":"Blockchain service initialized","network":"devnet","timestamp":"2025-07-05 23:30:27:3027"}
{"configPath":"/home/agnij/.apm/config.json","level":"debug","message":"Configuration loaded","timestamp":"2025-07-06 00:16:15:1615"}
{"configPath":"/home/agnij/.apm/config.json","level":"debug","message":"Configuration service initialized","network":"devnet","timestamp":"2025-07-06 00:16:15:1615"}
{"contractAddress":"0xba495e6bb22cdbdf25d0be1dd900eb508e3132598d87b3d98ae705cae36aba34","level":"info","message":"Blockchain service initialized","network":"devnet","timestamp":"2025-07-06 00:16:15:1615"}
{"level":"info","message":"Using Pinata SDK with JWT for authentication","timestamp":"2025-07-06 00:16:15:1615"}
{"gatewayUrl":"aquamarine-defiant-woodpecker-351.mypinata.cloud","level":"info","message":"IPFS service initialized","timestamp":"2025-07-06 00:16:15:1615"}
{"contractAddress":"0xba495e6bb22cdbdf25d0be1dd900eb508e3132598d87b3d98ae705cae36aba34","level":"info","message":"Blockchain service initialized","network":"devnet","timestamp":"2025-07-06 00:16:15:1615"}
{"level":"info","message":"Using Pinata SDK with JWT for authentication","timestamp":"2025-07-06 00:16:15:1615"}
{"gatewayUrl":"aquamarine-defiant-woodpecker-351.mypinata.cloud","level":"info","message":"IPFS service initialized","timestamp":"2025-07-06 00:16:15:1615"}
{"contractAddress":"0xba495e6bb22cdbdf25d0be1dd900eb508e3132598d87b3d98ae705cae36aba34","level":"info","message":"Blockchain service initialized","network":"devnet","timestamp":"2025-07-06 00:16:15:1615"}
{"contractAddress":"0xba495e6bb22cdbdf25d0be1dd900eb508e3132598d87b3d98ae705cae36aba34","level":"info","message":"Blockchain service initialized","network":"devnet","timestamp":"2025-07-06 00:16:15:1615"}
{"contractAddress":"0xba495e6bb22cdbdf25d0be1dd900eb508e3132598d87b3d98ae705cae36aba34","level":"info","message":"Blockchain service initialized","network":"devnet","timestamp":"2025-07-06 00:16:15:1615"}
{"configPath":"/home/agnij/.apm/config.json","level":"debug","message":"Configuration loaded","timestamp":"2025-07-06 00:45:37:4537"}
{"configPath":"/home/agnij/.apm/config.json","level":"debug","message":"Configuration service initialized","network":"devnet","timestamp":"2025-07-06 00:45:37:4537"}
{"contractAddress":"0xba495e6bb22cdbdf25d0be1dd900eb508e3132598d87b3d98ae705cae36aba34","level":"info","message":"Blockchain service initialized","network":"devnet","timestamp":"2025-07-06 00:45:37:4537"}
{"level":"info","message":"Using Pinata SDK with JWT for authentication","timestamp":"2025-07-06 00:45:37:4537"}
{"gatewayUrl":"aquamarine-defiant-woodpecker-351.mypinata.cloud","level":"info","message":"IPFS service initialized","timestamp":"2025-07-06 00:45:37:4537"}
{"contractAddress":"0xba495e6bb22cdbdf25d0be1dd900eb508e3132598d87b3d98ae705cae36aba34","level":"info","message":"Blockchain service initialized","network":"devnet","timestamp":"2025-07-06 00:45:37:4537"}
{"level":"info","message":"Using Pinata SDK with JWT for authentication","timestamp":"2025-07-06 00:45:37:4537"}
{"gatewayUrl":"aquamarine-defiant-woodpecker-351.mypinata.cloud","level":"info","message":"IPFS service initialized","timestamp":"2025-07-06 00:45:37:4537"}
{"contractAddress":"0xba495e6bb22cdbdf25d0be1dd900eb508e3132598d87b3d98ae705cae36aba34","level":"info","message":"Blockchain service initialized","network":"devnet","timestamp":"2025-07-06 00:45:37:4537"}
{"contractAddress":"0xba495e6bb22cdbdf25d0be1dd900eb508e3132598d87b3d98ae705cae36aba34","level":"info","message":"Blockchain service initialized","network":"devnet","timestamp":"2025-07-06 00:45:37:4537"}
{"contractAddress":"0xba495e6bb22cdbdf25d0be1dd900eb508e3132598d87b3d98ae705cae36aba34","level":"info","message":"Blockchain service initialized","network":"devnet","timestamp":"2025-07-06 00:45:37:4537"}
